<?xml version="1.0" encoding="UTF-8"?>
<testsuite xmlns:xsi="http://www.w3.org/2001/XMLSchema-instance" xsi:noNamespaceSchemaLocation="https://maven.apache.org/surefire/maven-surefire-plugin/xsd/surefire-test-report-3.0.xsd" version="3.0" name="edu.astanait.algorithms.boyermoore.BoyerMooreMajorityTest" time="0.102" tests="4" errors="0" skipped="0" failures="0">
  <properties>
[...]
</properties>
  <testcase name="testPerformanceTracking" classname="edu.astanait.algorithms.boyermoore.BoyerMooreMajorityTest" time="0.043"/>
  <testcase name="testMajorityNoMajority" classname="edu.astanait.algorithms.boyermoore.BoyerMooreMajorityTest" time="0.004"/>
  <testcase name="testMajoritySimple" classname="edu.astanait.algorithms.boyermoore.BoyerMooreMajorityTest" time="0.006"/>
  <testcase name="testMajoritySingle" classname="edu.astanait.algorithms.boyermoore.BoyerMooreMajorityTest" time="0.002"/>
</testsuite>